(.venv) farhan@Velanor:~/my-projects/bangla-gamba$ python scripts/pipeline/03_pretokenize.py
[pretokenize] Tokenizer loaded (vocab=48000)
[pretokenize] bangla: 1 input file(s), 13,590,740 lines
  bangla:   0%|                                                                                                                                                                                        | 0.00/13.6M [00:00<?, ?docs/s][transformers] Token indices sequence length is longer than the specified maximum sequence length for this model (5292 > 2048). Running this sequence through the model will result in indexing errors
  bangla: 100%|█████████████████████████████████████████████████████████████████████████████████████████████████████████████████████████████████████████████████████████████████████████████| 13.6M/13.6M [3:04:23<00:00, 1.23kdocs/s]
  [pretokenize] Truncating final buffer: discarding 1164 tokens
[pretokenize] english: 1 input file(s), 2,594,817 lines
  english: 100%|████████████████████████████████████████████████████████████████████████████████████████████████████████████████████████████████████████████████████████████████████████████████| 2.59M/2.59M [44:00<00:00, 983docs/s]
  [pretokenize] Truncating final buffer: discarding 1214 tokens
[pretokenize] nmt: 1 input file(s), 33,024,166 lines
  nmt: 100%|██████████████████████████████████████████████████████████████████████████████████████████████████████████████████████████████████████████████████████████████████████████████████| 33.0M/33.0M [26:19<00:00, 20.9kdocs/s]
  [pretokenize] Truncating final buffer: discarding 240 tokens

==================================================
=== PRETOKENIZATION COMPLETE ===
  Documents:       49,209,723
  Tokens:          9,982,939,706  (9.98B)
  Total shards:    50
        bangla:   30 shards  →  saved/data/pretokenized/bangla/train
       english:   15 shards  →  saved/data/pretokenized/english/train
           nmt:    5 shards  →  saved/data/pretokenized/nmt/train
  Approx steps:    19,040
    (batch=4 × accum=64 × seq=2048 = 524,288 tokens/step)

  ACTION: set max_steps: 19040 in configs/default_training.yaml
==================================================
(.venv) farhan@Velanor:~/my-projects/bangla-gamba$ 