(.venv) farhan@Velanor:~/my-projects/bangla-gamba$ python scripts/pipeline/02_tokenizer_sampler.py
── Tokenizer Corpus Sampler ──
   Total words : 1,000,000,000
   Bangla      : 850,000,000 (85%)
   English     : 150,000,000 (15%)

[1/3] Sampling Bangla...
  [sampler] Bangla: sampling 850,000,000 words from 4,456,772,090 available
       Wrote 850,000,086 words

[2/3] Sampling English...
  [sampler] English: sampling 150,000,000 words from 2,000,000,737 available
       Wrote 150,000,365 words

[3/3] Shuffling...
  [sampler] Shuffle-merging 2,536,860 Bangla + 288,946 English = 2,825,806 docs

Done.
  Bangla words   :  850,000,086
  English words  :  150,000,365
  Total words    : 1,000,000,451
  Actual ratio   : 85.0% BN / 15.0% EN
  Output         : saved/data/tokenizer_set/corpus.jsonl  (14.6 GB)
(.venv) farhan@Velanor:~/my-projects/bangla-gamba$ clear
